{
 "cells": [
  {
   "cell_type": "markdown",
   "metadata": {},
   "source": [
    "# Лабораторная работа №6"
   ]
  },
  {
   "cell_type": "code",
   "execution_count": 33,
   "metadata": {},
   "outputs": [
    {
     "name": "stdout",
     "output_type": "stream",
     "text": [
      "The sql extension is already loaded. To reload it, use:\n",
      "  %reload_ext sql\n"
     ]
    }
   ],
   "source": [
    "%load_ext sql\n",
    "%sql postgresql://AAK:@127.0.0.1/students\n",
    "%config SqlMagic.displaylimit = 20"
   ]
  },
  {
   "cell_type": "markdown",
   "metadata": {},
   "source": [
    "1.  ## Задание 1\n",
    "    > Проведите следующий эксперимент:\n",
    "    > Создайте простую таблицу, содержащую три поля – суррогатный ключ и два атрибута, содержащие строки."
   ]
  },
  {
   "cell_type": "code",
   "execution_count": 23,
   "metadata": {},
   "outputs": [
    {
     "data": {
      "text/html": [
       "<span style=\"None\">Running query in &#x27;postgresql://AAK:***@127.0.0.1/students&#x27;</span>"
      ],
      "text/plain": [
       "Running query in 'postgresql://AAK:***@127.0.0.1/students'"
      ]
     },
     "metadata": {},
     "output_type": "display_data"
    },
    {
     "data": {
      "text/html": [
       "<table>\n",
       "    <thead>\n",
       "        <tr>\n",
       "        </tr>\n",
       "    </thead>\n",
       "    <tbody>\n",
       "    </tbody>\n",
       "</table>"
      ],
      "text/plain": [
       "++\n",
       "||\n",
       "++\n",
       "++"
      ]
     },
     "execution_count": 23,
     "metadata": {},
     "output_type": "execute_result"
    }
   ],
   "source": [
    "%%sql\n",
    "CREATE TABLE Test(\n",
    "\tid SERIAL PRIMARY KEY,\n",
    "\tCODE_1 VARCHAR(64),\n",
    "\tCODE_2 VARCHAR(64)\n",
    ");"
   ]
  },
  {
   "cell_type": "markdown",
   "metadata": {},
   "source": [
    "> С помощью следующего скрипта заполните таблицу данными."
   ]
  },
  {
   "cell_type": "code",
   "execution_count": 24,
   "metadata": {},
   "outputs": [
    {
     "data": {
      "text/html": [
       "<span style=\"None\">Running query in &#x27;postgresql://AAK:***@127.0.0.1/students&#x27;</span>"
      ],
      "text/plain": [
       "Running query in 'postgresql://AAK:***@127.0.0.1/students'"
      ]
     },
     "metadata": {},
     "output_type": "display_data"
    },
    {
     "data": {
      "text/html": [
       "<table>\n",
       "    <thead>\n",
       "        <tr>\n",
       "        </tr>\n",
       "    </thead>\n",
       "    <tbody>\n",
       "    </tbody>\n",
       "</table>"
      ],
      "text/plain": [
       "++\n",
       "||\n",
       "++\n",
       "++"
      ]
     },
     "execution_count": 24,
     "metadata": {},
     "output_type": "execute_result"
    }
   ],
   "source": [
    "%%sql\n",
    "DO\n",
    "$$\n",
    "BEGIN\n",
    "FOR i IN 1..1000000 LOOP\n",
    "    INSERT INTO Test(code_1,code_2) VALUES(md5(random()::text), md5(random()::text));\n",
    "END LOOP;\n",
    "END\n",
    "$$ language plpgsql;"
   ]
  },
  {
   "cell_type": "markdown",
   "metadata": {},
   "source": [
    "> С помощью функций EXPLAIN ANALYZE в PostgreSQL возможно производить анализ запросов и вычислять затрачиваемое время на его выполнение. Например,"
   ]
  },
  {
   "cell_type": "code",
   "execution_count": 25,
   "metadata": {},
   "outputs": [
    {
     "data": {
      "text/html": [
       "<span style=\"None\">Running query in &#x27;postgresql://AAK:***@127.0.0.1/students&#x27;</span>"
      ],
      "text/plain": [
       "Running query in 'postgresql://AAK:***@127.0.0.1/students'"
      ]
     },
     "metadata": {},
     "output_type": "display_data"
    },
    {
     "data": {
      "text/html": [
       "<span style=\"color: green\">3 rows affected.</span>"
      ],
      "text/plain": [
       "3 rows affected."
      ]
     },
     "metadata": {},
     "output_type": "display_data"
    },
    {
     "data": {
      "text/html": [
       "<table>\n",
       "    <thead>\n",
       "        <tr>\n",
       "            <th>QUERY PLAN</th>\n",
       "        </tr>\n",
       "    </thead>\n",
       "    <tbody>\n",
       "        <tr>\n",
       "            <td>Seq Scan on student  (cost=0.00..4.63 rows=163 width=90) (actual time=0.046..0.095 rows=189 loops=1)</td>\n",
       "        </tr>\n",
       "        <tr>\n",
       "            <td>Planning Time: 0.086 ms</td>\n",
       "        </tr>\n",
       "        <tr>\n",
       "            <td>Execution Time: 0.119 ms</td>\n",
       "        </tr>\n",
       "    </tbody>\n",
       "</table>"
      ],
      "text/plain": [
       "+------------------------------------------------------------------------------------------------------+\n",
       "|                                              QUERY PLAN                                              |\n",
       "+------------------------------------------------------------------------------------------------------+\n",
       "| Seq Scan on student  (cost=0.00..4.63 rows=163 width=90) (actual time=0.046..0.095 rows=189 loops=1) |\n",
       "|                                       Planning Time: 0.086 ms                                        |\n",
       "|                                       Execution Time: 0.119 ms                                       |\n",
       "+------------------------------------------------------------------------------------------------------+"
      ]
     },
     "execution_count": 25,
     "metadata": {},
     "output_type": "execute_result"
    }
   ],
   "source": [
    "%%sql\n",
    "EXPLAIN ANALYZE SELECT * FROM student;"
   ]
  },
  {
   "cell_type": "markdown",
   "metadata": {},
   "source": [
    "> Добавьте в таблицу Test одно значение, измерив время данной операции.\n",
    "> Далее измерьте время выполнения запроса,\n",
    "> выводящего содержимого таблицы в отсортированном виде по столбцу CODE_1.\n",
    ">\n",
    "> Добавьте индекс на столбец CODE_1. Повторите предыдущие две операции.\n",
    "> Сравните полученное время. Во сколько раз оно изменилось? Результаты вычисления занесите в таблицу."
   ]
  },
  {
   "cell_type": "markdown",
   "metadata": {},
   "source": [
    "Добавим одно значение в таблицу:"
   ]
  },
  {
   "cell_type": "code",
   "execution_count": 26,
   "metadata": {},
   "outputs": [
    {
     "data": {
      "text/html": [
       "<span style=\"None\">Running query in &#x27;postgresql://AAK:***@127.0.0.1/students&#x27;</span>"
      ],
      "text/plain": [
       "Running query in 'postgresql://AAK:***@127.0.0.1/students'"
      ]
     },
     "metadata": {},
     "output_type": "display_data"
    },
    {
     "data": {
      "text/html": [
       "<span style=\"color: green\">4 rows affected.</span>"
      ],
      "text/plain": [
       "4 rows affected."
      ]
     },
     "metadata": {},
     "output_type": "display_data"
    },
    {
     "data": {
      "text/html": [
       "<table>\n",
       "    <thead>\n",
       "        <tr>\n",
       "            <th>QUERY PLAN</th>\n",
       "        </tr>\n",
       "    </thead>\n",
       "    <tbody>\n",
       "        <tr>\n",
       "            <td>Insert on test  (cost=0.00..0.01 rows=0 width=0) (actual time=0.049..0.050 rows=0 loops=1)</td>\n",
       "        </tr>\n",
       "        <tr>\n",
       "            <td>&nbsp;&nbsp;->  Result  (cost=0.00..0.01 rows=1 width=296) (actual time=0.014..0.014 rows=1 loops=1)</td>\n",
       "        </tr>\n",
       "        <tr>\n",
       "            <td>Planning Time: 0.054 ms</td>\n",
       "        </tr>\n",
       "        <tr>\n",
       "            <td>Execution Time: 0.087 ms</td>\n",
       "        </tr>\n",
       "    </tbody>\n",
       "</table>"
      ],
      "text/plain": [
       "+--------------------------------------------------------------------------------------------+\n",
       "|                                         QUERY PLAN                                         |\n",
       "+--------------------------------------------------------------------------------------------+\n",
       "| Insert on test  (cost=0.00..0.01 rows=0 width=0) (actual time=0.049..0.050 rows=0 loops=1) |\n",
       "|   ->  Result  (cost=0.00..0.01 rows=1 width=296) (actual time=0.014..0.014 rows=1 loops=1) |\n",
       "|                                  Planning Time: 0.054 ms                                   |\n",
       "|                                  Execution Time: 0.087 ms                                  |\n",
       "+--------------------------------------------------------------------------------------------+"
      ]
     },
     "execution_count": 26,
     "metadata": {},
     "output_type": "execute_result"
    }
   ],
   "source": [
    "%%sql\n",
    "EXPLAIN ANALYZE INSERT INTO Test(code_1,code_2) VALUES(1, 1);"
   ]
  },
  {
   "cell_type": "markdown",
   "metadata": {},
   "source": [
    "Измерим время выполнения запроса:"
   ]
  },
  {
   "cell_type": "code",
   "execution_count": 27,
   "metadata": {},
   "outputs": [
    {
     "data": {
      "text/html": [
       "<span style=\"None\">Running query in &#x27;postgresql://AAK:***@127.0.0.1/students&#x27;</span>"
      ],
      "text/plain": [
       "Running query in 'postgresql://AAK:***@127.0.0.1/students'"
      ]
     },
     "metadata": {},
     "output_type": "display_data"
    },
    {
     "data": {
      "text/html": [
       "<span style=\"color: green\">11 rows affected.</span>"
      ],
      "text/plain": [
       "11 rows affected."
      ]
     },
     "metadata": {},
     "output_type": "display_data"
    },
    {
     "data": {
      "text/html": [
       "<table>\n",
       "    <thead>\n",
       "        <tr>\n",
       "            <th>QUERY PLAN</th>\n",
       "        </tr>\n",
       "    </thead>\n",
       "    <tbody>\n",
       "        <tr>\n",
       "            <td>Gather Merge  (cost=43129.77..73139.47 rows=257208 width=296) (actual time=2987.198..5382.966 rows=1000001 loops=1)</td>\n",
       "        </tr>\n",
       "        <tr>\n",
       "            <td>&nbsp;&nbsp;Workers Planned: 2</td>\n",
       "        </tr>\n",
       "        <tr>\n",
       "            <td>&nbsp;&nbsp;Workers Launched: 2</td>\n",
       "        </tr>\n",
       "        <tr>\n",
       "            <td>&nbsp;&nbsp;->  Sort  (cost=42129.75..42451.26 rows=128604 width=296) (actual time=2893.862..3821.842 rows=333334 loops=3)</td>\n",
       "        </tr>\n",
       "        <tr>\n",
       "            <td>&nbsp;&nbsp;&nbsp;&nbsp;&nbsp;&nbsp;&nbsp;&nbsp;Sort Key: code_1</td>\n",
       "        </tr>\n",
       "        <tr>\n",
       "            <td>&nbsp;&nbsp;&nbsp;&nbsp;&nbsp;&nbsp;&nbsp;&nbsp;Sort Method: external merge  Disk: 25720kB</td>\n",
       "        </tr>\n",
       "        <tr>\n",
       "            <td>&nbsp;&nbsp;&nbsp;&nbsp;&nbsp;&nbsp;&nbsp;&nbsp;Worker 0:  Sort Method: external merge  Disk: 26856kB</td>\n",
       "        </tr>\n",
       "        <tr>\n",
       "            <td>&nbsp;&nbsp;&nbsp;&nbsp;&nbsp;&nbsp;&nbsp;&nbsp;Worker 1:  Sort Method: external merge  Disk: 25704kB</td>\n",
       "        </tr>\n",
       "        <tr>\n",
       "            <td>&nbsp;&nbsp;&nbsp;&nbsp;&nbsp;&nbsp;&nbsp;&nbsp;->  Parallel Seq Scan on test  (cost=0.00..13632.04 rows=128604 width=296) (actual time=0.037..74.216 rows=333334 loops=3)</td>\n",
       "        </tr>\n",
       "        <tr>\n",
       "            <td>Planning Time: 0.113 ms</td>\n",
       "        </tr>\n",
       "        <tr>\n",
       "            <td>Execution Time: 5456.078 ms</td>\n",
       "        </tr>\n",
       "    </tbody>\n",
       "</table>"
      ],
      "text/plain": [
       "+------------------------------------------------------------------------------------------------------------------------------------+\n",
       "|                                                             QUERY PLAN                                                             |\n",
       "+------------------------------------------------------------------------------------------------------------------------------------+\n",
       "|        Gather Merge  (cost=43129.77..73139.47 rows=257208 width=296) (actual time=2987.198..5382.966 rows=1000001 loops=1)         |\n",
       "|                                                          Workers Planned: 2                                                        |\n",
       "|                                                         Workers Launched: 2                                                        |\n",
       "|            ->  Sort  (cost=42129.75..42451.26 rows=128604 width=296) (actual time=2893.862..3821.842 rows=333334 loops=3)          |\n",
       "|                                                              Sort Key: code_1                                                      |\n",
       "|                                                 Sort Method: external merge  Disk: 25720kB                                         |\n",
       "|                                           Worker 0:  Sort Method: external merge  Disk: 26856kB                                    |\n",
       "|                                           Worker 1:  Sort Method: external merge  Disk: 25704kB                                    |\n",
       "|         ->  Parallel Seq Scan on test  (cost=0.00..13632.04 rows=128604 width=296) (actual time=0.037..74.216 rows=333334 loops=3) |\n",
       "|                                                      Planning Time: 0.113 ms                                                       |\n",
       "|                                                    Execution Time: 5456.078 ms                                                     |\n",
       "+------------------------------------------------------------------------------------------------------------------------------------+"
      ]
     },
     "execution_count": 27,
     "metadata": {},
     "output_type": "execute_result"
    }
   ],
   "source": [
    "%%sql\n",
    "EXPLAIN ANALYZE SELECT * FROM Test ORDER BY CODE_1;"
   ]
  },
  {
   "cell_type": "markdown",
   "metadata": {},
   "source": [
    "Добавим индекс:"
   ]
  },
  {
   "cell_type": "code",
   "execution_count": 28,
   "metadata": {},
   "outputs": [
    {
     "data": {
      "text/html": [
       "<span style=\"None\">Running query in &#x27;postgresql://AAK:***@127.0.0.1/students&#x27;</span>"
      ],
      "text/plain": [
       "Running query in 'postgresql://AAK:***@127.0.0.1/students'"
      ]
     },
     "metadata": {},
     "output_type": "display_data"
    },
    {
     "data": {
      "text/html": [
       "<table>\n",
       "    <thead>\n",
       "        <tr>\n",
       "        </tr>\n",
       "    </thead>\n",
       "    <tbody>\n",
       "    </tbody>\n",
       "</table>"
      ],
      "text/plain": [
       "++\n",
       "||\n",
       "++\n",
       "++"
      ]
     },
     "execution_count": 28,
     "metadata": {},
     "output_type": "execute_result"
    }
   ],
   "source": [
    "%%sql\n",
    "CREATE INDEX code_1_idx ON Test (code_1);"
   ]
  },
  {
   "cell_type": "markdown",
   "metadata": {},
   "source": [
    "Повторим операции:"
   ]
  },
  {
   "cell_type": "code",
   "execution_count": 29,
   "metadata": {},
   "outputs": [
    {
     "data": {
      "text/html": [
       "<span style=\"None\">Running query in &#x27;postgresql://AAK:***@127.0.0.1/students&#x27;</span>"
      ],
      "text/plain": [
       "Running query in 'postgresql://AAK:***@127.0.0.1/students'"
      ]
     },
     "metadata": {},
     "output_type": "display_data"
    },
    {
     "data": {
      "text/html": [
       "<span style=\"color: green\">4 rows affected.</span>"
      ],
      "text/plain": [
       "4 rows affected."
      ]
     },
     "metadata": {},
     "output_type": "display_data"
    },
    {
     "data": {
      "text/html": [
       "<table>\n",
       "    <thead>\n",
       "        <tr>\n",
       "            <th>QUERY PLAN</th>\n",
       "        </tr>\n",
       "    </thead>\n",
       "    <tbody>\n",
       "        <tr>\n",
       "            <td>Insert on test  (cost=0.00..0.01 rows=0 width=0) (actual time=2.027..2.028 rows=0 loops=1)</td>\n",
       "        </tr>\n",
       "        <tr>\n",
       "            <td>&nbsp;&nbsp;->  Result  (cost=0.00..0.01 rows=1 width=296) (actual time=0.011..0.011 rows=1 loops=1)</td>\n",
       "        </tr>\n",
       "        <tr>\n",
       "            <td>Planning Time: 0.049 ms</td>\n",
       "        </tr>\n",
       "        <tr>\n",
       "            <td>Execution Time: 2.067 ms</td>\n",
       "        </tr>\n",
       "    </tbody>\n",
       "</table>"
      ],
      "text/plain": [
       "+--------------------------------------------------------------------------------------------+\n",
       "|                                         QUERY PLAN                                         |\n",
       "+--------------------------------------------------------------------------------------------+\n",
       "| Insert on test  (cost=0.00..0.01 rows=0 width=0) (actual time=2.027..2.028 rows=0 loops=1) |\n",
       "|   ->  Result  (cost=0.00..0.01 rows=1 width=296) (actual time=0.011..0.011 rows=1 loops=1) |\n",
       "|                                  Planning Time: 0.049 ms                                   |\n",
       "|                                  Execution Time: 2.067 ms                                  |\n",
       "+--------------------------------------------------------------------------------------------+"
      ]
     },
     "execution_count": 29,
     "metadata": {},
     "output_type": "execute_result"
    }
   ],
   "source": [
    "%%sql\n",
    "EXPLAIN ANALYZE INSERT INTO Test(code_1,code_2) VALUES(1, 1);"
   ]
  },
  {
   "cell_type": "markdown",
   "metadata": {},
   "source": [
    "*Execution time* увеличился"
   ]
  },
  {
   "cell_type": "code",
   "execution_count": 30,
   "metadata": {},
   "outputs": [
    {
     "data": {
      "text/html": [
       "<span style=\"None\">Running query in &#x27;postgresql://AAK:***@127.0.0.1/students&#x27;</span>"
      ],
      "text/plain": [
       "Running query in 'postgresql://AAK:***@127.0.0.1/students'"
      ]
     },
     "metadata": {},
     "output_type": "display_data"
    },
    {
     "data": {
      "text/html": [
       "<span style=\"color: green\">3 rows affected.</span>"
      ],
      "text/plain": [
       "3 rows affected."
      ]
     },
     "metadata": {},
     "output_type": "display_data"
    },
    {
     "data": {
      "text/html": [
       "<table>\n",
       "    <thead>\n",
       "        <tr>\n",
       "            <th>QUERY PLAN</th>\n",
       "        </tr>\n",
       "    </thead>\n",
       "    <tbody>\n",
       "        <tr>\n",
       "            <td>Index Scan using code_1_idx on test  (cost=0.42..93224.44 rows=1000001 width=296) (actual time=0.087..977.950 rows=1000002 loops=1)</td>\n",
       "        </tr>\n",
       "        <tr>\n",
       "            <td>Planning Time: 0.124 ms</td>\n",
       "        </tr>\n",
       "        <tr>\n",
       "            <td>Execution Time: 1035.395 ms</td>\n",
       "        </tr>\n",
       "    </tbody>\n",
       "</table>"
      ],
      "text/plain": [
       "+-------------------------------------------------------------------------------------------------------------------------------------+\n",
       "|                                                              QUERY PLAN                                                             |\n",
       "+-------------------------------------------------------------------------------------------------------------------------------------+\n",
       "| Index Scan using code_1_idx on test  (cost=0.42..93224.44 rows=1000001 width=296) (actual time=0.087..977.950 rows=1000002 loops=1) |\n",
       "|                                                       Planning Time: 0.124 ms                                                       |\n",
       "|                                                     Execution Time: 1035.395 ms                                                     |\n",
       "+-------------------------------------------------------------------------------------------------------------------------------------+"
      ]
     },
     "execution_count": 30,
     "metadata": {},
     "output_type": "execute_result"
    }
   ],
   "source": [
    "%%sql\n",
    "EXPLAIN ANALYZE SELECT * FROM Test ORDER BY CODE_1;"
   ]
  },
  {
   "cell_type": "markdown",
   "metadata": {},
   "source": [
    "*Execution time* значительно сократился"
   ]
  },
  {
   "cell_type": "markdown",
   "metadata": {},
   "source": [
    "**Вывод**: добавлять записи дольше, а искать быстрее."
   ]
  },
  {
   "cell_type": "markdown",
   "metadata": {},
   "source": [
    "|                    | insert | select |\n",
    "| ------------------ | ------ | ------ |\n",
    "| До индекса (мс)    | 0.087  | 5456   |\n",
    "| После индекса (мс) | 2.067  | 1035   |\n",
    "| Прирост (раз)      | 0.042  | 5.27   |"
   ]
  },
  {
   "cell_type": "markdown",
   "metadata": {},
   "source": [
    "2.  ## Задание 2."
   ]
  },
  {
   "cell_type": "markdown",
   "metadata": {},
   "source": [
    "> Составьте запрос к таблице Test, выводящий все строки в отсортированном порядке,\n",
    "> в которых столбец CODE_1 начинается с символа ‘a’. Проанализируйте полученный запрос и объясните результат."
   ]
  },
  {
   "cell_type": "code",
   "execution_count": 31,
   "metadata": {},
   "outputs": [
    {
     "data": {
      "text/html": [
       "<span style=\"None\">Running query in &#x27;postgresql://AAK:***@127.0.0.1/students&#x27;</span>"
      ],
      "text/plain": [
       "Running query in 'postgresql://AAK:***@127.0.0.1/students'"
      ]
     },
     "metadata": {},
     "output_type": "display_data"
    },
    {
     "data": {
      "text/html": [
       "<span style=\"color: green\">13 rows affected.</span>"
      ],
      "text/plain": [
       "13 rows affected."
      ]
     },
     "metadata": {},
     "output_type": "display_data"
    },
    {
     "data": {
      "text/html": [
       "<table>\n",
       "    <thead>\n",
       "        <tr>\n",
       "            <th>QUERY PLAN</th>\n",
       "        </tr>\n",
       "    </thead>\n",
       "    <tbody>\n",
       "        <tr>\n",
       "            <td>Gather Merge  (cost=20400.81..26293.35 rows=50504 width=70) (actual time=489.894..594.561 rows=62665 loops=1)</td>\n",
       "        </tr>\n",
       "        <tr>\n",
       "            <td>&nbsp;&nbsp;Workers Planned: 2</td>\n",
       "        </tr>\n",
       "        <tr>\n",
       "            <td>&nbsp;&nbsp;Workers Launched: 2</td>\n",
       "        </tr>\n",
       "        <tr>\n",
       "            <td>&nbsp;&nbsp;->  Sort  (cost=19400.78..19463.91 rows=25252 width=70) (actual time=386.539..390.144 rows=20888 loops=3)</td>\n",
       "        </tr>\n",
       "        <tr>\n",
       "            <td>&nbsp;&nbsp;&nbsp;&nbsp;&nbsp;&nbsp;&nbsp;&nbsp;Sort Key: code_1</td>\n",
       "        </tr>\n",
       "        <tr>\n",
       "            <td>&nbsp;&nbsp;&nbsp;&nbsp;&nbsp;&nbsp;&nbsp;&nbsp;Sort Method: quicksort  Memory: 3667kB</td>\n",
       "        </tr>\n",
       "        <tr>\n",
       "            <td>&nbsp;&nbsp;&nbsp;&nbsp;&nbsp;&nbsp;&nbsp;&nbsp;Worker 0:  Sort Method: quicksort  Memory: 2617kB</td>\n",
       "        </tr>\n",
       "        <tr>\n",
       "            <td>&nbsp;&nbsp;&nbsp;&nbsp;&nbsp;&nbsp;&nbsp;&nbsp;Worker 1:  Sort Method: quicksort  Memory: 2740kB</td>\n",
       "        </tr>\n",
       "        <tr>\n",
       "            <td>&nbsp;&nbsp;&nbsp;&nbsp;&nbsp;&nbsp;&nbsp;&nbsp;->  Parallel Seq Scan on test  (cost=0.00..17554.34 rows=25252 width=70) (actual time=0.053..220.908 rows=20888 loops=3)</td>\n",
       "        </tr>\n",
       "        <tr>\n",
       "            <td>&nbsp;&nbsp;&nbsp;&nbsp;&nbsp;&nbsp;&nbsp;&nbsp;&nbsp;&nbsp;&nbsp;&nbsp;&nbsp;&nbsp;Filter: ((code_1)::text ~ '^a'::text)</td>\n",
       "        </tr>\n",
       "        <tr>\n",
       "            <td>&nbsp;&nbsp;&nbsp;&nbsp;&nbsp;&nbsp;&nbsp;&nbsp;&nbsp;&nbsp;&nbsp;&nbsp;&nbsp;&nbsp;Rows Removed by Filter: 312446</td>\n",
       "        </tr>\n",
       "        <tr>\n",
       "            <td>Planning Time: 1.891 ms</td>\n",
       "        </tr>\n",
       "        <tr>\n",
       "            <td>Execution Time: 599.521 ms</td>\n",
       "        </tr>\n",
       "    </tbody>\n",
       "</table>"
      ],
      "text/plain": [
       "+----------------------------------------------------------------------------------------------------------------------------------+\n",
       "|                                                            QUERY PLAN                                                            |\n",
       "+----------------------------------------------------------------------------------------------------------------------------------+\n",
       "|          Gather Merge  (cost=20400.81..26293.35 rows=50504 width=70) (actual time=489.894..594.561 rows=62665 loops=1)           |\n",
       "|                                                         Workers Planned: 2                                                       |\n",
       "|                                                        Workers Launched: 2                                                       |\n",
       "|             ->  Sort  (cost=19400.78..19463.91 rows=25252 width=70) (actual time=386.539..390.144 rows=20888 loops=3)            |\n",
       "|                                                             Sort Key: code_1                                                     |\n",
       "|                                                  Sort Method: quicksort  Memory: 3667kB                                          |\n",
       "|                                            Worker 0:  Sort Method: quicksort  Memory: 2617kB                                     |\n",
       "|                                            Worker 1:  Sort Method: quicksort  Memory: 2740kB                                     |\n",
       "|         ->  Parallel Seq Scan on test  (cost=0.00..17554.34 rows=25252 width=70) (actual time=0.053..220.908 rows=20888 loops=3) |\n",
       "|                                                     Filter: ((code_1)::text ~ '^a'::text)                                        |\n",
       "|                                                         Rows Removed by Filter: 312446                                           |\n",
       "|                                                     Planning Time: 1.891 ms                                                      |\n",
       "|                                                    Execution Time: 599.521 ms                                                    |\n",
       "+----------------------------------------------------------------------------------------------------------------------------------+"
      ]
     },
     "execution_count": 31,
     "metadata": {},
     "output_type": "execute_result"
    }
   ],
   "source": [
    "%%sql\n",
    "EXPLAIN ANALYZE SELECT * FROM Test\n",
    "  WHERE CODE_1 ~ '^a'\n",
    "  ORDER BY CODE_1"
   ]
  },
  {
   "cell_type": "code",
   "execution_count": 34,
   "metadata": {},
   "outputs": [
    {
     "data": {
      "text/html": [
       "<span style=\"None\">Running query in &#x27;postgresql://AAK:***@127.0.0.1/students&#x27;</span>"
      ],
      "text/plain": [
       "Running query in 'postgresql://AAK:***@127.0.0.1/students'"
      ]
     },
     "metadata": {},
     "output_type": "display_data"
    },
    {
     "data": {
      "text/html": [
       "<span style=\"color: green\">62665 rows affected.</span>"
      ],
      "text/plain": [
       "62665 rows affected."
      ]
     },
     "metadata": {},
     "output_type": "display_data"
    },
    {
     "data": {
      "text/html": [
       "<table>\n",
       "    <thead>\n",
       "        <tr>\n",
       "            <th>id</th>\n",
       "            <th>code_1</th>\n",
       "            <th>code_2</th>\n",
       "        </tr>\n",
       "    </thead>\n",
       "    <tbody>\n",
       "        <tr>\n",
       "            <td>147695</td>\n",
       "            <td>a0000705fda10a89f7200f6096108ff8</td>\n",
       "            <td>44246d744ce5aadac4f8178d8c8cbc51</td>\n",
       "        </tr>\n",
       "        <tr>\n",
       "            <td>258578</td>\n",
       "            <td>a000089c5dd3463b525c65153db6cbc4</td>\n",
       "            <td>86e55d990e58335b0076e5d5f9764802</td>\n",
       "        </tr>\n",
       "        <tr>\n",
       "            <td>121872</td>\n",
       "            <td>a0000e0ef9d728cd410d1ef7e1e45336</td>\n",
       "            <td>2276aa40398d47f2d687615df36578aa</td>\n",
       "        </tr>\n",
       "        <tr>\n",
       "            <td>992198</td>\n",
       "            <td>a000237d643c732ba82ebfa2ba90dafc</td>\n",
       "            <td>cb7b06b57177f0d90e646d8056083b7d</td>\n",
       "        </tr>\n",
       "        <tr>\n",
       "            <td>167720</td>\n",
       "            <td>a0005c2a4741d1ab29a129bc1cfe1a2a</td>\n",
       "            <td>b9ef748c415b966215c4d73dcd43b7d0</td>\n",
       "        </tr>\n",
       "        <tr>\n",
       "            <td>907780</td>\n",
       "            <td>a000a07a4626f5f7dceb09fce88ffdbd</td>\n",
       "            <td>f1e7f0d87bf14e03a624eda0a830235f</td>\n",
       "        </tr>\n",
       "        <tr>\n",
       "            <td>302215</td>\n",
       "            <td>a000b1769bffe82fdff12119ef06a130</td>\n",
       "            <td>72ad0115197d5e85da48322ae8bc2094</td>\n",
       "        </tr>\n",
       "        <tr>\n",
       "            <td>871061</td>\n",
       "            <td>a000badb9cae5d0508d3b1a6b8639fee</td>\n",
       "            <td>3c979e79e97a82383e6ed8bad945705d</td>\n",
       "        </tr>\n",
       "        <tr>\n",
       "            <td>265089</td>\n",
       "            <td>a000bdc9ba2666e9a127a3911187835d</td>\n",
       "            <td>f9d8409d64faf9b302b374581a978ee7</td>\n",
       "        </tr>\n",
       "        <tr>\n",
       "            <td>225925</td>\n",
       "            <td>a000c5810b4adb334165caaa4ba841ac</td>\n",
       "            <td>c9529895f751655bfc512a1d83042409</td>\n",
       "        </tr>\n",
       "        <tr>\n",
       "            <td>30870</td>\n",
       "            <td>a000e4fb03f02ea23f25db826344017a</td>\n",
       "            <td>96607412af10d8274eb99350f758c6ba</td>\n",
       "        </tr>\n",
       "        <tr>\n",
       "            <td>862917</td>\n",
       "            <td>a000f0e4ea40246f828d9fac7e3ab5a4</td>\n",
       "            <td>0a9943c1a3efa894c43f32f77229a74b</td>\n",
       "        </tr>\n",
       "        <tr>\n",
       "            <td>168019</td>\n",
       "            <td>a000f4dd018ce51de67bd2e076f93cff</td>\n",
       "            <td>73def6bd7024ba8814c694766fd8b918</td>\n",
       "        </tr>\n",
       "        <tr>\n",
       "            <td>296952</td>\n",
       "            <td>a000f927655ea4bfe6b3bf175960af94</td>\n",
       "            <td>9eb5a02ae28a863d1b79f7f0b164adb6</td>\n",
       "        </tr>\n",
       "        <tr>\n",
       "            <td>850792</td>\n",
       "            <td>a000f9f80eb6205fc5af90af0016f3bf</td>\n",
       "            <td>b47c1330ccbeeef1360327dee576996d</td>\n",
       "        </tr>\n",
       "        <tr>\n",
       "            <td>421274</td>\n",
       "            <td>a00128ba34cd0307c0cbbb4602fb7946</td>\n",
       "            <td>f396f53bdd5543c629c7af3c03ba9013</td>\n",
       "        </tr>\n",
       "        <tr>\n",
       "            <td>677780</td>\n",
       "            <td>a0013629bd4720953f579d1336b36d10</td>\n",
       "            <td>c759c101b2b22a3e8ed116c347246426</td>\n",
       "        </tr>\n",
       "        <tr>\n",
       "            <td>601314</td>\n",
       "            <td>a001439af40e4e67b41413d4c2fdfa70</td>\n",
       "            <td>3c286d7aae4d7b412bbafced95e34d45</td>\n",
       "        </tr>\n",
       "        <tr>\n",
       "            <td>336928</td>\n",
       "            <td>a00151cb296f34cf0f2067f3e0787039</td>\n",
       "            <td>3c174c99e9a4c4fc47fc5ac8b27b9280</td>\n",
       "        </tr>\n",
       "        <tr>\n",
       "            <td>495269</td>\n",
       "            <td>a00160d2f9fa8ae1113fb7ac98afa7bf</td>\n",
       "            <td>9ae2c7a0788d56e61acb719b2e2875e5</td>\n",
       "        </tr>\n",
       "    </tbody>\n",
       "</table>\n",
       "<span style=\"font-style:italic;text-align:center;\">Truncated to <a href=\"https://jupysql.ploomber.io/en/latest/api/configuration.html#displaylimit\">displaylimit</a> of 20.</span>"
      ],
      "text/plain": [
       "+--------+----------------------------------+----------------------------------+\n",
       "|   id   |              code_1              |              code_2              |\n",
       "+--------+----------------------------------+----------------------------------+\n",
       "| 147695 | a0000705fda10a89f7200f6096108ff8 | 44246d744ce5aadac4f8178d8c8cbc51 |\n",
       "| 258578 | a000089c5dd3463b525c65153db6cbc4 | 86e55d990e58335b0076e5d5f9764802 |\n",
       "| 121872 | a0000e0ef9d728cd410d1ef7e1e45336 | 2276aa40398d47f2d687615df36578aa |\n",
       "| 992198 | a000237d643c732ba82ebfa2ba90dafc | cb7b06b57177f0d90e646d8056083b7d |\n",
       "| 167720 | a0005c2a4741d1ab29a129bc1cfe1a2a | b9ef748c415b966215c4d73dcd43b7d0 |\n",
       "| 907780 | a000a07a4626f5f7dceb09fce88ffdbd | f1e7f0d87bf14e03a624eda0a830235f |\n",
       "| 302215 | a000b1769bffe82fdff12119ef06a130 | 72ad0115197d5e85da48322ae8bc2094 |\n",
       "| 871061 | a000badb9cae5d0508d3b1a6b8639fee | 3c979e79e97a82383e6ed8bad945705d |\n",
       "| 265089 | a000bdc9ba2666e9a127a3911187835d | f9d8409d64faf9b302b374581a978ee7 |\n",
       "| 225925 | a000c5810b4adb334165caaa4ba841ac | c9529895f751655bfc512a1d83042409 |\n",
       "| 30870  | a000e4fb03f02ea23f25db826344017a | 96607412af10d8274eb99350f758c6ba |\n",
       "| 862917 | a000f0e4ea40246f828d9fac7e3ab5a4 | 0a9943c1a3efa894c43f32f77229a74b |\n",
       "| 168019 | a000f4dd018ce51de67bd2e076f93cff | 73def6bd7024ba8814c694766fd8b918 |\n",
       "| 296952 | a000f927655ea4bfe6b3bf175960af94 | 9eb5a02ae28a863d1b79f7f0b164adb6 |\n",
       "| 850792 | a000f9f80eb6205fc5af90af0016f3bf | b47c1330ccbeeef1360327dee576996d |\n",
       "| 421274 | a00128ba34cd0307c0cbbb4602fb7946 | f396f53bdd5543c629c7af3c03ba9013 |\n",
       "| 677780 | a0013629bd4720953f579d1336b36d10 | c759c101b2b22a3e8ed116c347246426 |\n",
       "| 601314 | a001439af40e4e67b41413d4c2fdfa70 | 3c286d7aae4d7b412bbafced95e34d45 |\n",
       "| 336928 | a00151cb296f34cf0f2067f3e0787039 | 3c174c99e9a4c4fc47fc5ac8b27b9280 |\n",
       "| 495269 | a00160d2f9fa8ae1113fb7ac98afa7bf | 9ae2c7a0788d56e61acb719b2e2875e5 |\n",
       "+--------+----------------------------------+----------------------------------+\n",
       "Truncated to displaylimit of 20."
      ]
     },
     "execution_count": 34,
     "metadata": {},
     "output_type": "execute_result"
    }
   ],
   "source": [
    "%%sql\n",
    "SELECT * FROM Test\n",
    "  WHERE CODE_1 ~ '^a'\n",
    "  ORDER BY CODE_1"
   ]
  },
  {
   "cell_type": "markdown",
   "metadata": {},
   "source": [
    "3.  ## Задание 3.\n",
    "\n",
    "    > Проанализируйте учебную базу данных и проиндексируйте одно из полей любой таблицы. Объясните свой выбор."
   ]
  },
  {
   "cell_type": "markdown",
   "metadata": {},
   "source": [
    "Тк ключи в индексах сгруппированы по страницам, то нужно создать индекс для колонки,\n",
    "в которой много значений. Иначе из-за большого размера страницы может получиться, что дерево\n",
    "содержит только один лист. Много студентов, оценок, преподавателей.\n",
    "Желательно, чтобы индекс менялся нечасто, но часто просматривался, поэтому оценки не подойдут.\n",
    "У студентов и преподавателей есть *id* и по нему часто проводится поиск, поэтому индекс по *id*\n",
    "может ускорить поиск, но при запросах к этим полям, в основном, имеет смысл операция проверки на\n",
    "равенство. То есть не используются полные возможности свойства сортированности ключей.\n",
    "Хорошей целью для создания индекса кажется поле *birthday* в таблице *student*, тк часто будут\n",
    "применять операции сравнения <, > к этому полю."
   ]
  },
  {
   "cell_type": "code",
   "execution_count": 35,
   "metadata": {},
   "outputs": [
    {
     "data": {
      "text/html": [
       "<span style=\"None\">Running query in &#x27;postgresql://AAK:***@127.0.0.1/students&#x27;</span>"
      ],
      "text/plain": [
       "Running query in 'postgresql://AAK:***@127.0.0.1/students'"
      ]
     },
     "metadata": {},
     "output_type": "display_data"
    },
    {
     "data": {
      "text/html": [
       "<table>\n",
       "    <thead>\n",
       "        <tr>\n",
       "        </tr>\n",
       "    </thead>\n",
       "    <tbody>\n",
       "    </tbody>\n",
       "</table>"
      ],
      "text/plain": [
       "++\n",
       "||\n",
       "++\n",
       "++"
      ]
     },
     "execution_count": 35,
     "metadata": {},
     "output_type": "execute_result"
    }
   ],
   "source": [
    "%%sql\n",
    "CREATE INDEX birthday_idx ON student (birthday);"
   ]
  },
  {
   "cell_type": "markdown",
   "metadata": {},
   "source": [
    "4.  ## Задание 4.\n",
    "\n",
    "    > Предположим, преподаватель зашел в электронный журнал,\n",
    "    > чтобы проставить студенту оценку за дисциплину.\n",
    "    > Одновременно студент решил проверить, выставлена ли ему оценка.\n",
    "    > Смоделируйте данную ситуацию, заключив действия студента и преподавателя в транзакции с\n",
    "    > уровнем изоляции, в соответствии с вариантом.\n",
    "    > Приведите пример аномалий, которые могут возникнуть.\n",
    "\n",
    "    > Read committed\n",
    "\n",
    "    *Read committed* - режим по умолчанию для транзакций в *Postgres*.\n",
    "\n",
    "    Моделирование случая успешной и неуспешной записей в журнал смотри в [видео](/lab6/2023-11-09_23-26-04.mkv)\n",
    "\n",
    "    В общем (но не в *postgres*) возможна аномалия *«Грязное» чтение*. То есть во время транзакции\n",
    "    записи преподавателя возникла ошибка, и запись не случилась, а студент увидит у себя\n",
    "    неправильную оценку.\n",
    "\n",
    "    Или, например, аномалия *неповторяющегося чтения*. Если в одной транзакции студента мы получаем\n",
    "    и оценку по предмету, и высчитываем средний балл, и между этими операциями возникла операция\n",
    "    записи преподавателя, то средний балл не будет вычисляться из видимой оценки."
   ]
  },
  {
   "cell_type": "code",
   "execution_count": 37,
   "metadata": {},
   "outputs": [],
   "source": [
    "# %%sql\n",
    "# BEGIN;\n",
    "#   SELECT mark\n",
    "#     FROM field_comprehension\n",
    "#     WHERE student_id = 838389 AND field = 'fa706604-353c-3fc2-bc9c-53559dc4f79d';\n",
    "\n",
    "#   UPDATE field_comprehension\n",
    "#     SET mark = 5\n",
    "#     WHERE student_id = 838389 AND field = 'fa706604-353c-3fc2-bc9c-53559dc4f79d';\n",
    "\n",
    "#   SELECT mark\n",
    "#     FROM field_comprehension\n",
    "#     WHERE student_id = 838389 AND field = 'fa706604-353c-3fc2-bc9c-53559dc4f79d';\n",
    "\n",
    "#     ROLLBACK\n"
   ]
  }
 ],
 "metadata": {
  "kernelspec": {
   "display_name": "Python 3",
   "language": "python",
   "name": "python3"
  },
  "language_info": {
   "codemirror_mode": {
    "name": "ipython",
    "version": 3
   },
   "file_extension": ".py",
   "mimetype": "text/x-python",
   "name": "python",
   "nbconvert_exporter": "python",
   "pygments_lexer": "ipython3",
   "version": "3.9.13"
  }
 },
 "nbformat": 4,
 "nbformat_minor": 2
}
